<?xml version="1.0" encoding="UTF-8"?>
<!-- Generated by org.testng.reporters.JUnitReportReporter -->
<testsuite skipped="0" hostname="Mangalas-MacBook-Pro.local" name="Cucumber.Automation.AppTest" tests="1" failures="0" timestamp="2019-12-14T21:18:41 PST" time="0.009" errors="0">
  <testcase name="testApp" time="0.009" classname="Cucumber.Automation.AppTest"/>
</testsuite> <!-- Cucumber.Automation.AppTest -->
